2021-09-16 15:05:09,653 - INFO - give_data - Entering give_data Methode
2021-09-16 15:05:09,653 - INFO - give_data - Droping the first time column
2021-09-16 15:05:09,653 - INFO - drop_col - Dropping column: # Columns: time
2021-09-16 15:05:09,690 - INFO - drop_col - Column dropped
2021-09-16 15:05:09,690 - INFO - give_data - First time column dropped
2021-09-16 15:05:09,690 - INFO - give_data - Scaling data
2021-09-16 15:05:09,726 - ERROR - scale - Error in Scaling data: could not convert string to float: 'cycling'
2021-09-16 15:05:09,726 - ERROR - give_data - Error in give_data Methode: could not convert string to float: 'cycling'
2021-09-16 15:11:11,003 - INFO - give_data - Entering give_data Methode
2021-09-16 15:11:11,004 - INFO - give_data - Droping the first time column
2021-09-16 15:11:11,004 - INFO - drop_col - Dropping column: # Columns: time
2021-09-16 15:11:11,008 - INFO - drop_col - Column dropped
2021-09-16 15:11:11,008 - INFO - give_data - First time column dropped
2021-09-16 15:11:11,008 - INFO - give_data - Scaling data
2021-09-16 15:11:11,035 - ERROR - scale - Error in Scaling data: could not convert string to float: 'cycling'
2021-09-16 15:11:11,035 - ERROR - give_data - Error in give_data Methode: could not convert string to float: 'cycling'
2021-09-16 15:15:08,935 - INFO - give_data - Entering give_data Methode
2021-09-16 15:15:08,935 - INFO - give_data - Droping the first time column
2021-09-16 15:15:08,935 - INFO - drop_col - Dropping column: # Columns: time
2021-09-16 15:15:08,941 - INFO - drop_col - Column dropped
2021-09-16 15:15:08,941 - INFO - give_data - First time column dropped
2021-09-16 15:15:08,941 - INFO - give_data - Dividing data into X and y
2021-09-16 15:15:08,941 - INFO - get_X_y - Dividing X and y
2021-09-16 15:15:08,968 - INFO - get_X_y - X and y created
2021-09-16 15:15:08,968 - INFO - y_enc - Encoding the y label
2021-09-16 15:15:08,975 - INFO - y_enc - Encoding done
2021-09-16 15:15:08,975 - INFO - give_data - X and y created
2021-09-16 15:15:08,975 - INFO - give_data - Scaling data
2021-09-16 15:15:09,004 - INFO - scale - Scaling data done
2021-09-16 15:15:09,004 - INFO - scale - Dataframe created with scaled data
2021-09-16 15:15:09,004 - INFO - give_data - Data scaled
2021-09-16 15:15:09,004 - INFO - give_data - Splitting data into train and test
2021-09-16 15:15:09,004 - INFO - split_train_test - Splitting data into train and test
2021-09-16 15:15:09,024 - INFO - split_train_test - Data splitted
2021-09-16 15:15:09,024 - INFO - give_data - Data splitted
2021-09-16 15:19:41,226 - INFO - give_data - Entering give_data Methode
2021-09-16 15:19:41,226 - INFO - give_data - Droping the first time column
2021-09-16 15:19:41,226 - INFO - drop_col - Dropping column: # Columns: time
2021-09-16 15:19:41,230 - INFO - drop_col - Column dropped
2021-09-16 15:19:41,230 - INFO - give_data - First time column dropped
2021-09-16 15:19:41,230 - INFO - give_data - Dividing data into X and y
2021-09-16 15:19:41,230 - INFO - get_X_y - Dividing X and y
2021-09-16 15:19:41,233 - INFO - get_X_y - X and y created
2021-09-16 15:19:41,233 - INFO - y_enc - Encoding the y label
2021-09-16 15:19:41,240 - INFO - y_enc - Encoding done
2021-09-16 15:19:41,240 - INFO - give_data - X and y created
2021-09-16 15:19:41,240 - INFO - give_data - Scaling data
2021-09-16 15:19:41,257 - INFO - scale - Scaling data done
2021-09-16 15:19:41,258 - INFO - scale - Dataframe created with scaled data
2021-09-16 15:19:41,258 - INFO - give_data - Data scaled
2021-09-16 15:19:41,258 - INFO - give_data - Splitting data into train and test
2021-09-16 15:19:41,258 - INFO - split_train_test - Splitting data into train and test
2021-09-16 15:19:41,268 - INFO - split_train_test - Data splitted
2021-09-16 15:19:41,268 - INFO - give_data - Data splitted
2021-09-16 15:21:02,887 - INFO - give_data - Entering give_data Methode
2021-09-16 15:21:02,888 - INFO - give_data - Droping the first time column
2021-09-16 15:21:02,888 - INFO - drop_col - Dropping column: # Columns: time
2021-09-16 15:21:02,891 - INFO - drop_col - Column dropped
2021-09-16 15:21:02,892 - INFO - give_data - First time column dropped
2021-09-16 15:21:02,892 - INFO - give_data - Dividing data into X and y
2021-09-16 15:21:02,892 - INFO - get_X_y - Dividing X and y
2021-09-16 15:21:02,895 - INFO - get_X_y - X and y created
2021-09-16 15:21:02,895 - INFO - y_enc - Encoding the y label
2021-09-16 15:21:02,902 - INFO - y_enc - Encoding done
2021-09-16 15:21:02,902 - INFO - give_data - X and y created
2021-09-16 15:21:02,902 - INFO - give_data - Scaling data
2021-09-16 15:21:02,915 - INFO - scale - Scaling data done
2021-09-16 15:21:02,916 - INFO - scale - Dataframe created with scaled data
2021-09-16 15:21:02,916 - INFO - give_data - Data scaled
2021-09-16 15:21:02,916 - INFO - give_data - Splitting data into train and test
2021-09-16 15:21:02,916 - INFO - split_train_test - Splitting data into train and test
2021-09-16 15:21:02,926 - INFO - split_train_test - Data splitted
2021-09-16 15:21:02,927 - INFO - give_data - Data splitted
2021-09-16 15:21:35,708 - INFO - give_data - Entering give_data Methode
2021-09-16 15:21:35,709 - INFO - give_data - Droping the first time column
2021-09-16 15:21:35,709 - INFO - drop_col - Dropping column: # Columns: time
2021-09-16 15:21:35,714 - INFO - drop_col - Column dropped
2021-09-16 15:21:35,715 - INFO - give_data - First time column dropped
2021-09-16 15:21:35,715 - INFO - give_data - Dividing data into X and y
2021-09-16 15:21:35,715 - INFO - get_X_y - Dividing X and y
2021-09-16 15:21:35,718 - INFO - get_X_y - X and y created
2021-09-16 15:21:35,719 - INFO - y_enc - Encoding the y label
2021-09-16 15:21:35,734 - INFO - y_enc - Encoding done
2021-09-16 15:21:35,735 - INFO - give_data - X and y created
2021-09-16 15:21:35,735 - INFO - give_data - Scaling data
2021-09-16 15:21:35,753 - INFO - scale - Scaling data done
2021-09-16 15:21:35,753 - INFO - scale - Dataframe created with scaled data
2021-09-16 15:21:35,753 - INFO - give_data - Data scaled
2021-09-16 15:21:35,753 - INFO - give_data - Splitting data into train and test
2021-09-16 15:21:35,754 - INFO - split_train_test - Splitting data into train and test
2021-09-16 15:21:35,765 - INFO - split_train_test - Data splitted
2021-09-16 15:21:35,766 - INFO - give_data - Data splitted
2021-09-16 15:22:52,196 - INFO - give_data - Entering give_data Methode
2021-09-16 15:22:52,196 - INFO - give_data - Droping the first time column
2021-09-16 15:22:52,197 - INFO - drop_col - Dropping column: # Columns: time
2021-09-16 15:22:52,201 - INFO - drop_col - Column dropped
2021-09-16 15:22:52,201 - INFO - give_data - First time column dropped
2021-09-16 15:22:52,201 - INFO - give_data - Dividing data into X and y
2021-09-16 15:22:52,201 - INFO - get_X_y - Dividing X and y
2021-09-16 15:22:52,205 - INFO - get_X_y - X and y created
2021-09-16 15:22:52,205 - INFO - y_enc - Encoding the y label
2021-09-16 15:22:52,212 - INFO - y_enc - Encoding done
2021-09-16 15:22:52,212 - INFO - give_data - X and y created
2021-09-16 15:22:52,212 - INFO - give_data - Scaling data
2021-09-16 15:22:52,229 - INFO - scale - Scaling data done
2021-09-16 15:22:52,229 - INFO - scale - Dataframe created with scaled data
2021-09-16 15:22:52,229 - INFO - give_data - Data scaled
2021-09-16 15:22:52,229 - INFO - give_data - Splitting data into train and test
2021-09-16 15:22:52,229 - INFO - split_train_test - Splitting data into train and test
2021-09-16 15:22:52,241 - INFO - split_train_test - Data splitted
2021-09-16 15:22:52,241 - INFO - give_data - Data splitted
2021-09-16 15:23:44,859 - INFO - give_data - Entering give_data Methode
2021-09-16 15:23:44,860 - INFO - give_data - Droping the first time column
2021-09-16 15:23:44,860 - INFO - drop_col - Dropping column: # Columns: time
2021-09-16 15:23:44,863 - INFO - drop_col - Column dropped
2021-09-16 15:23:44,863 - INFO - give_data - First time column dropped
2021-09-16 15:23:44,863 - INFO - give_data - Dividing data into X and y
2021-09-16 15:23:44,863 - INFO - get_X_y - Dividing X and y
2021-09-16 15:23:44,866 - INFO - get_X_y - X and y created
2021-09-16 15:23:44,866 - INFO - y_enc - Encoding the y label
2021-09-16 15:23:44,874 - INFO - y_enc - Encoding done
2021-09-16 15:23:44,874 - INFO - give_data - X and y created
2021-09-16 15:23:44,874 - INFO - give_data - Scaling data
2021-09-16 15:23:44,888 - INFO - scale - Scaling data done
2021-09-16 15:23:44,888 - INFO - scale - Dataframe created with scaled data
2021-09-16 15:23:44,888 - INFO - give_data - Data scaled
2021-09-16 15:23:44,889 - INFO - give_data - Splitting data into train and test
2021-09-16 15:23:44,889 - INFO - split_train_test - Splitting data into train and test
2021-09-16 15:23:44,900 - INFO - split_train_test - Data splitted
2021-09-16 15:23:44,901 - INFO - give_data - Data splitted
2021-09-16 15:24:06,903 - INFO - give_data - Entering give_data Methode
2021-09-16 15:24:06,903 - INFO - give_data - Droping the first time column
2021-09-16 15:24:06,904 - INFO - drop_col - Dropping column: # Columns: time
2021-09-16 15:24:06,907 - INFO - drop_col - Column dropped
2021-09-16 15:24:06,907 - INFO - give_data - First time column dropped
2021-09-16 15:24:06,907 - INFO - give_data - Dividing data into X and y
2021-09-16 15:24:06,907 - INFO - get_X_y - Dividing X and y
2021-09-16 15:24:06,911 - INFO - get_X_y - X and y created
2021-09-16 15:24:06,912 - INFO - y_enc - Encoding the y label
2021-09-16 15:24:06,919 - INFO - y_enc - Encoding done
2021-09-16 15:24:06,919 - INFO - give_data - X and y created
2021-09-16 15:24:06,919 - INFO - give_data - Scaling data
2021-09-16 15:24:06,934 - INFO - scale - Scaling data done
2021-09-16 15:24:06,935 - INFO - scale - Dataframe created with scaled data
2021-09-16 15:24:06,935 - INFO - give_data - Data scaled
2021-09-16 15:24:06,935 - INFO - give_data - Splitting data into train and test
2021-09-16 15:24:06,935 - INFO - split_train_test - Splitting data into train and test
2021-09-16 15:24:06,945 - INFO - split_train_test - Data splitted
2021-09-16 15:24:06,946 - INFO - give_data - Data splitted
2021-09-16 15:26:57,106 - INFO - give_data - Entering give_data Methode
2021-09-16 15:26:57,106 - INFO - give_data - Droping the first time column
2021-09-16 15:26:57,106 - INFO - drop_col - Dropping column: # Columns: time
2021-09-16 15:26:57,109 - INFO - drop_col - Column dropped
2021-09-16 15:26:57,110 - INFO - give_data - First time column dropped
2021-09-16 15:26:57,110 - INFO - give_data - Dividing data into X and y
2021-09-16 15:26:57,110 - INFO - get_X_y - Dividing X and y
2021-09-16 15:26:57,112 - INFO - get_X_y - X and y created
2021-09-16 15:26:57,112 - INFO - y_enc - Encoding the y label
2021-09-16 15:26:57,120 - INFO - y_enc - Encoding done
2021-09-16 15:26:57,120 - INFO - give_data - X and y created
2021-09-16 15:26:57,120 - INFO - give_data - Scaling data
2021-09-16 15:26:57,134 - INFO - scale - Scaling data done
2021-09-16 15:26:57,135 - INFO - scale - Dataframe created with scaled data
2021-09-16 15:26:57,135 - INFO - give_data - Data scaled
2021-09-16 15:26:57,135 - INFO - give_data - Splitting data into train and test
2021-09-16 15:26:57,135 - INFO - split_train_test - Splitting data into train and test
2021-09-16 15:26:57,145 - INFO - split_train_test - Data splitted
2021-09-16 15:26:57,145 - INFO - give_data - Data splitted
2021-09-16 15:38:20,114 - INFO - give_data - Entering give_data Methode
2021-09-16 15:38:20,115 - INFO - give_data - Droping the first time column
2021-09-16 15:38:20,115 - INFO - drop_col - Dropping column: # Columns: time
2021-09-16 15:38:20,118 - INFO - drop_col - Column dropped
2021-09-16 15:38:20,118 - INFO - give_data - First time column dropped
2021-09-16 15:38:20,118 - INFO - give_data - Dividing data into X and y
2021-09-16 15:38:20,119 - INFO - get_X_y - Dividing X and y
2021-09-16 15:38:20,121 - INFO - get_X_y - X and y created
2021-09-16 15:38:20,122 - INFO - y_enc - Encoding the y label
2021-09-16 15:38:20,130 - INFO - y_enc - Encoding done
2021-09-16 15:38:20,130 - INFO - give_data - X and y created
2021-09-16 15:38:20,131 - INFO - give_data - Scaling data
2021-09-16 15:38:20,143 - INFO - scale - Scaling data done
2021-09-16 15:38:20,145 - INFO - scale - Dataframe created with scaled data
2021-09-16 15:38:20,145 - INFO - give_data - Data scaled
2021-09-16 15:38:20,146 - INFO - give_data - Splitting data into train and test
2021-09-16 15:38:20,146 - INFO - split_train_test - Splitting data into train and test
2021-09-16 15:38:20,158 - INFO - split_train_test - Data splitted
2021-09-16 15:38:20,158 - INFO - give_data - Data splitted
2021-09-16 15:38:35,835 - INFO - give_data - Entering give_data Methode
2021-09-16 15:38:35,835 - INFO - give_data - Droping the first time column
2021-09-16 15:38:35,835 - INFO - drop_col - Dropping column: # Columns: time
2021-09-16 15:38:35,840 - INFO - drop_col - Column dropped
2021-09-16 15:38:35,841 - INFO - give_data - First time column dropped
2021-09-16 15:38:35,841 - INFO - give_data - Dividing data into X and y
2021-09-16 15:38:35,841 - INFO - get_X_y - Dividing X and y
2021-09-16 15:38:35,843 - INFO - get_X_y - X and y created
2021-09-16 15:38:35,844 - INFO - y_enc - Encoding the y label
2021-09-16 15:38:35,851 - INFO - y_enc - Encoding done
2021-09-16 15:38:35,851 - INFO - give_data - X and y created
2021-09-16 15:38:35,851 - INFO - give_data - Scaling data
2021-09-16 15:38:35,866 - INFO - scale - Scaling data done
2021-09-16 15:38:35,867 - INFO - scale - Dataframe created with scaled data
2021-09-16 15:38:35,867 - INFO - give_data - Data scaled
2021-09-16 15:38:35,867 - INFO - give_data - Splitting data into train and test
2021-09-16 15:38:35,867 - INFO - split_train_test - Splitting data into train and test
2021-09-16 15:38:35,879 - INFO - split_train_test - Data splitted
2021-09-16 15:38:35,879 - INFO - give_data - Data splitted
2021-09-16 15:38:54,769 - INFO - give_data - Entering give_data Methode
2021-09-16 15:38:54,769 - INFO - give_data - Droping the first time column
2021-09-16 15:38:54,769 - INFO - drop_col - Dropping column: # Columns: time
2021-09-16 15:38:54,773 - INFO - drop_col - Column dropped
2021-09-16 15:38:54,773 - INFO - give_data - First time column dropped
2021-09-16 15:38:54,773 - INFO - give_data - Dividing data into X and y
2021-09-16 15:38:54,773 - INFO - get_X_y - Dividing X and y
2021-09-16 15:38:54,776 - INFO - get_X_y - X and y created
2021-09-16 15:38:54,776 - INFO - y_enc - Encoding the y label
2021-09-16 15:38:54,784 - INFO - y_enc - Encoding done
2021-09-16 15:38:54,784 - INFO - give_data - X and y created
2021-09-16 15:38:54,784 - INFO - give_data - Scaling data
2021-09-16 15:38:54,798 - INFO - scale - Scaling data done
2021-09-16 15:38:54,799 - INFO - scale - Dataframe created with scaled data
2021-09-16 15:38:54,799 - INFO - give_data - Data scaled
2021-09-16 15:38:54,799 - INFO - give_data - Splitting data into train and test
2021-09-16 15:38:54,799 - INFO - split_train_test - Splitting data into train and test
2021-09-16 15:38:54,809 - INFO - split_train_test - Data splitted
2021-09-16 15:38:54,809 - INFO - give_data - Data splitted
2021-09-16 15:47:51,747 - INFO - give_data - Entering give_data Methode
2021-09-16 15:47:51,747 - INFO - give_data - Droping the first time column
2021-09-16 15:47:51,747 - INFO - drop_col - Dropping column: # Columns: time
2021-09-16 15:47:51,747 - INFO - drop_col - Column dropped
2021-09-16 15:47:51,747 - INFO - give_data - First time column dropped
2021-09-16 15:47:51,747 - INFO - give_data - Dividing data into X and y
2021-09-16 15:47:51,747 - INFO - get_X_y - Dividing X and y
2021-09-16 15:47:51,747 - INFO - get_X_y - X and y created
2021-09-16 15:47:51,747 - INFO - y_enc - Encoding the y label
2021-09-16 15:47:51,762 - INFO - y_enc - Encoding done
2021-09-16 15:47:51,762 - INFO - give_data - X and y created
2021-09-16 15:47:51,762 - INFO - give_data - Scaling data
2021-09-16 15:47:51,762 - INFO - scale - Scaling data done
2021-09-16 15:47:51,778 - INFO - scale - Dataframe created with scaled data
2021-09-16 15:47:51,778 - INFO - give_data - Data scaled
2021-09-16 15:47:51,778 - INFO - give_data - Splitting data into train and test
2021-09-16 15:47:51,778 - INFO - split_train_test - Splitting data into train and test
2021-09-16 15:47:51,778 - INFO - split_train_test - Data splitted
2021-09-16 15:47:51,778 - INFO - give_data - Data splitted
2021-09-16 15:57:04,744 - INFO - give_data - Entering give_data Methode
2021-09-16 15:57:04,744 - INFO - give_data - Droping the first time column
2021-09-16 15:57:04,744 - INFO - drop_col - Dropping column: # Columns: time
2021-09-16 15:57:04,747 - INFO - drop_col - Column dropped
2021-09-16 15:57:04,747 - INFO - give_data - First time column dropped
2021-09-16 15:57:04,747 - INFO - give_data - Dividing data into X and y
2021-09-16 15:57:04,747 - INFO - get_X_y - Dividing X and y
2021-09-16 15:57:04,750 - INFO - get_X_y - X and y created
2021-09-16 15:57:04,751 - INFO - y_enc - Encoding the y label
2021-09-16 15:57:04,758 - INFO - y_enc - Encoding done
2021-09-16 15:57:04,758 - INFO - give_data - X and y created
2021-09-16 15:57:04,759 - INFO - give_data - Scaling data
2021-09-16 15:57:04,773 - INFO - scale - Scaling data done
2021-09-16 15:57:04,774 - INFO - scale - Dataframe created with scaled data
2021-09-16 15:57:04,774 - INFO - give_data - Data scaled
2021-09-16 15:57:04,774 - INFO - give_data - Splitting data into train and test
2021-09-16 15:57:04,774 - INFO - split_train_test - Splitting data into train and test
2021-09-16 15:57:04,787 - INFO - split_train_test - Data splitted
2021-09-16 15:57:04,787 - INFO - give_data - Data splitted
2021-09-16 15:57:59,401 - INFO - give_data - Entering give_data Methode
2021-09-16 15:57:59,401 - INFO - give_data - Droping the first time column
2021-09-16 15:57:59,401 - INFO - drop_col - Dropping column: # Columns: time
2021-09-16 15:57:59,404 - INFO - drop_col - Column dropped
2021-09-16 15:57:59,404 - INFO - give_data - First time column dropped
2021-09-16 15:57:59,404 - INFO - give_data - Dividing data into X and y
2021-09-16 15:57:59,404 - INFO - get_X_y - Dividing X and y
2021-09-16 15:57:59,407 - INFO - get_X_y - X and y created
2021-09-16 15:57:59,407 - INFO - y_enc - Encoding the y label
2021-09-16 15:57:59,413 - INFO - y_enc - Encoding done
2021-09-16 15:57:59,414 - INFO - give_data - X and y created
2021-09-16 15:57:59,414 - INFO - give_data - Scaling data
2021-09-16 15:57:59,426 - INFO - scale - Scaling data done
2021-09-16 15:57:59,426 - INFO - scale - Dataframe created with scaled data
2021-09-16 15:57:59,426 - INFO - give_data - Data scaled
2021-09-16 15:57:59,427 - INFO - give_data - Splitting data into train and test
2021-09-16 15:57:59,427 - INFO - split_train_test - Splitting data into train and test
2021-09-16 15:57:59,435 - INFO - split_train_test - Data splitted
2021-09-16 15:57:59,436 - INFO - give_data - Data splitted
2021-09-16 16:05:23,321 - INFO - give_data - Entering give_data Methode
2021-09-16 16:05:23,322 - INFO - give_data - Droping the first time column
2021-09-16 16:05:23,322 - INFO - drop_col - Dropping column: # Columns: time
2021-09-16 16:05:23,325 - INFO - drop_col - Column dropped
2021-09-16 16:05:23,325 - INFO - give_data - First time column dropped
2021-09-16 16:05:23,325 - INFO - give_data - Dividing data into X and y
2021-09-16 16:05:23,325 - INFO - get_X_y - Dividing X and y
2021-09-16 16:05:23,327 - INFO - get_X_y - X and y created
2021-09-16 16:05:23,328 - INFO - y_enc - Encoding the y label
2021-09-16 16:05:23,334 - INFO - y_enc - Encoding done
2021-09-16 16:05:23,334 - INFO - give_data - X and y created
2021-09-16 16:05:23,334 - INFO - give_data - Scaling data
2021-09-16 16:05:23,346 - INFO - scale - Scaling data done
2021-09-16 16:05:23,347 - INFO - scale - Dataframe created with scaled data
2021-09-16 16:05:23,347 - INFO - give_data - Data scaled
2021-09-16 16:05:23,347 - INFO - give_data - Splitting data into train and test
2021-09-16 16:05:23,347 - INFO - split_train_test - Splitting data into train and test
2021-09-16 16:05:23,356 - INFO - split_train_test - Data splitted
2021-09-16 16:05:23,356 - INFO - give_data - Data splitted
2021-09-16 16:06:03,891 - INFO - give_data - Entering give_data Methode
2021-09-16 16:06:03,892 - INFO - give_data - Droping the first time column
2021-09-16 16:06:03,892 - INFO - drop_col - Dropping column: # Columns: time
2021-09-16 16:06:03,895 - INFO - drop_col - Column dropped
2021-09-16 16:06:03,895 - INFO - give_data - First time column dropped
2021-09-16 16:06:03,895 - INFO - give_data - Dividing data into X and y
2021-09-16 16:06:03,895 - INFO - get_X_y - Dividing X and y
2021-09-16 16:06:03,898 - INFO - get_X_y - X and y created
2021-09-16 16:06:03,899 - INFO - y_enc - Encoding the y label
2021-09-16 16:06:03,906 - INFO - y_enc - Encoding done
2021-09-16 16:06:03,906 - INFO - give_data - X and y created
2021-09-16 16:06:03,906 - INFO - give_data - Scaling data
2021-09-16 16:06:03,921 - INFO - scale - Scaling data done
2021-09-16 16:06:03,921 - INFO - scale - Dataframe created with scaled data
2021-09-16 16:06:03,921 - INFO - give_data - Data scaled
2021-09-16 16:06:03,921 - INFO - give_data - Splitting data into train and test
2021-09-16 16:06:03,922 - INFO - split_train_test - Splitting data into train and test
2021-09-16 16:06:03,932 - INFO - split_train_test - Data splitted
2021-09-16 16:06:03,932 - INFO - give_data - Data splitted
2021-09-16 16:06:47,657 - INFO - give_data - Entering give_data Methode
2021-09-16 16:06:47,657 - INFO - give_data - Droping the first time column
2021-09-16 16:06:47,657 - INFO - drop_col - Dropping column: # Columns: time
2021-09-16 16:06:47,661 - INFO - drop_col - Column dropped
2021-09-16 16:06:47,661 - INFO - give_data - First time column dropped
2021-09-16 16:06:47,661 - INFO - give_data - Dividing data into X and y
2021-09-16 16:06:47,661 - INFO - get_X_y - Dividing X and y
2021-09-16 16:06:47,664 - INFO - get_X_y - X and y created
2021-09-16 16:06:47,664 - INFO - y_enc - Encoding the y label
2021-09-16 16:06:47,671 - INFO - y_enc - Encoding done
2021-09-16 16:06:47,671 - INFO - give_data - X and y created
2021-09-16 16:06:47,671 - INFO - give_data - Scaling data
2021-09-16 16:06:47,683 - INFO - scale - Scaling data done
2021-09-16 16:06:47,684 - INFO - scale - Dataframe created with scaled data
2021-09-16 16:06:47,684 - INFO - give_data - Data scaled
2021-09-16 16:06:47,684 - INFO - give_data - Splitting data into train and test
2021-09-16 16:06:47,684 - INFO - split_train_test - Splitting data into train and test
2021-09-16 16:06:47,692 - INFO - split_train_test - Data splitted
2021-09-16 16:06:47,692 - INFO - give_data - Data splitted
2021-09-16 16:14:23,330 - INFO - give_data - Entering give_data Methode
2021-09-16 16:14:23,330 - INFO - give_data - Droping the first time column
2021-09-16 16:14:23,330 - INFO - drop_col - Dropping column: # Columns: time
2021-09-16 16:14:23,333 - INFO - drop_col - Column dropped
2021-09-16 16:14:23,333 - INFO - give_data - First time column dropped
2021-09-16 16:14:23,333 - INFO - give_data - Dividing data into X and y
2021-09-16 16:14:23,333 - INFO - get_X_y - Dividing X and y
2021-09-16 16:14:23,336 - INFO - get_X_y - X and y created
2021-09-16 16:14:23,336 - INFO - y_enc - Encoding the y label
2021-09-16 16:14:23,342 - INFO - y_enc - Encoding done
2021-09-16 16:14:23,342 - INFO - give_data - X and y created
2021-09-16 16:14:23,342 - INFO - give_data - Scaling data
2021-09-16 16:14:23,354 - INFO - scale - Scaling data done
2021-09-16 16:14:23,354 - INFO - scale - Dataframe created with scaled data
2021-09-16 16:14:23,354 - INFO - give_data - Data scaled
2021-09-16 16:14:23,355 - INFO - give_data - Splitting data into train and test
2021-09-16 16:14:23,355 - INFO - split_train_test - Splitting data into train and test
2021-09-16 16:14:23,363 - INFO - split_train_test - Data splitted
2021-09-16 16:14:23,363 - INFO - give_data - Data splitted
